<?xml version="1.0" encoding="UTF-8"?>
<!-- Generated by org.testng.reporters.JUnitReportReporter -->
<testsuite hostname="LAPTOP-8TP6OQIJ" failures="0" tests="1" name="testcases.SignupTestCase" time="14.432" errors="0" timestamp="2022-06-06T08:12:31 IST" skipped="0">
  <testcase classname="testcases.SignupTestCase" name="launchBrowser" time="14.432"/>
  <system-out/>
</testsuite> <!-- testcases.SignupTestCase -->
