<?xml version="1.0" encoding="UTF-8"?>
<!-- Generated by org.testng.reporters.JUnitReportReporter -->
<testsuite hostname="LAPTOP-8TP6OQIJ" failures="0" tests="2" name="testcases.loginTestCase" time="12.651" errors="0" timestamp="2022-06-06T08:12:31 IST" skipped="0">
  <testcase classname="testcases.loginTestCase" name="launchBrowser" time="7.942"/>
  <system-out/>
  <testcase classname="testcases.loginTestCase" name="launchBrowser" time="4.709"/>
  <system-out/>
</testsuite> <!-- testcases.loginTestCase -->
